24-12-2024 09:49:23 [Information] User: Sivatharani has been registered successfully!
24-12-2024 14:23:00 [Information] User: Harish has been registered successfully!
24-12-2024 14:24:21 [Information]  has been loggedin successfully
24-12-2024 14:38:48 [Information] harish@gmail.com has been loggedin successfully
24-12-2024 15:56:12 [Information] harish@gmail.com has been loggedin successfully
26-12-2024 09:29:13 [Information] Application started successfully
26-12-2024 10:08:21 [Information] Application started successfully
26-12-2024 10:08:34 [Error] Incorrect credentials. Attempts remaining:  2. Attempted by mail: harish@gmail.com
26-12-2024 10:16:00 [Information] Application started successfully
26-12-2024 10:16:46 [Information] harish@gmail.com has been loggedin successfully
26-12-2024 10:26:59 [Information] Application started successfully
26-12-2024 10:27:24 [Information] harish@gmail.com has been loggedin successfully
26-12-2024 10:30:10 [Information] Application started successfully
26-12-2024 10:30:23 [Information] harish@gmail.com has been loggedin successfully
26-12-2024 10:41:22 [Information] Application started successfully
26-12-2024 10:41:50 [Information] harish@gmail.com has been loggedin successfully
26-12-2024 10:44:31 [Information] Application started successfully
26-12-2024 10:44:40 [Information] harish@gmail.com has been loggedin successfully
26-12-2024 10:47:19 [Information] Application started successfully
26-12-2024 10:47:35 [Information] harish@gmail.com has been loggedin successfully
26-12-2024 10:48:20 [Information] Application started successfully
26-12-2024 10:48:32 [Information] harish@gmail.com has been loggedin successfully
26-12-2024 10:55:55 [Information] Application started successfully
26-12-2024 10:56:05 [Information] harish@gmail.com has been loggedin successfully
26-12-2024 10:56:53 [Information] Application started successfully
26-12-2024 10:57:06 [Error] Incorrect credentials. Attempts remaining:  2. Attempted by mail: harish@gmail.cim
26-12-2024 10:57:16 [Information] harish@gmail.com has been loggedin successfully
26-12-2024 11:01:28 [Information] Application started successfully
26-12-2024 11:01:41 [Information] harish@gmail.com has been loggedin successfully
26-12-2024 11:02:34 [Information] Application started successfully
26-12-2024 11:02:45 [Information] harish@gmail.com has been loggedin successfully
26-12-2024 11:12:15 [Information] Application started successfully
26-12-2024 12:17:09 [Information] Application started successfully
26-12-2024 12:18:44 [Information] User: Harish has been registered successfully!
26-12-2024 12:19:13 [Information] harish12@gmail.com has been loggedin successfully
26-12-2024 14:11:29 [Information] Application started successfully
